<?xml version="1.0" encoding="UTF-8"?>
<testng-results ignored="0" total="3" passed="2" failed="1" skipped="0">
  <reporter-output>
  </reporter-output>
  <suite started-at="2023-03-11T03:12:16 GMT" name="All Test Suite" finished-at="2023-03-11T03:14:15 GMT" duration-ms="118949">
    <groups>
      <group name="cucumber">
        <method signature="AbstractTestNGCucumberTests.runScenario(io.cucumber.testng.PickleWrapper,io.cucumber.testng.FeatureWrapper)[pri:0, instance:TestRunner.TestRunner1@4f0f2942]" name="runScenario" class="io.cucumber.testng.AbstractTestNGCucumberTests"/>
        <method signature="AbstractTestNGCucumberTests.runScenario(io.cucumber.testng.PickleWrapper,io.cucumber.testng.FeatureWrapper)[pri:0, instance:TestRunner.TestRunner@5db6b9cd]" name="runScenario" class="io.cucumber.testng.AbstractTestNGCucumberTests"/>
      </group> <!-- cucumber -->
    </groups>
    <test started-at="2023-03-11T03:12:16 GMT" name="C:/Users/charu/IdeaProjects/org.smartbazaar.com" finished-at="2023-03-11T03:14:15 GMT" duration-ms="118949">
      <class name="TestRunner.TestRunner1">
        <test-method is-config="true" signature="setUpClass(org.testng.ITestContext)[pri:0, instance:TestRunner.TestRunner1@4f0f2942]" started-at="2023-03-11T03:12:41 GMT" name="setUpClass" finished-at="2023-03-11T03:12:41 GMT" duration-ms="417" status="PASS">
          <params>
            <param index="0">
              <value>
                <![CDATA[org.testng.TestRunner@79ca7bea]]>
              </value>
            </param>
          </params>
          <reporter-output>
          </reporter-output>
        </test-method> <!-- setUpClass -->
        <test-method signature="runScenario(io.cucumber.testng.PickleWrapper,io.cucumber.testng.FeatureWrapper)[pri:0, instance:TestRunner.TestRunner1@4f0f2942]" started-at="2023-03-11T03:12:41 GMT" name="runScenario" description="Runs Cucumber Scenarios" data-provider="scenarios" finished-at="2023-03-11T03:13:25 GMT" duration-ms="43645" status="PASS">
          <params>
            <param index="0">
              <value>
                <![CDATA["User wants to check the Functionality of search box"]]>
              </value>
            </param>
            <param index="1">
              <value>
                <![CDATA["checking the search functionality"]]>
              </value>
            </param>
          </params>
          <reporter-output>
          </reporter-output>
        </test-method> <!-- runScenario -->
        <test-method signature="runScenario(io.cucumber.testng.PickleWrapper,io.cucumber.testng.FeatureWrapper)[pri:0, instance:TestRunner.TestRunner1@4f0f2942]" started-at="2023-03-11T03:13:25 GMT" name="runScenario" description="Runs Cucumber Scenarios" data-provider="scenarios" finished-at="2023-03-11T03:14:15 GMT" duration-ms="50166" status="PASS">
          <params>
            <param index="0">
              <value>
                <![CDATA["User wants to check the Functionality of search box"]]>
              </value>
            </param>
            <param index="1">
              <value>
                <![CDATA["checking the search functionality"]]>
              </value>
            </param>
          </params>
          <reporter-output>
          </reporter-output>
        </test-method> <!-- runScenario -->
        <test-method is-config="true" signature="tearDownClass()[pri:0, instance:TestRunner.TestRunner1@4f0f2942]" started-at="2023-03-11T03:14:15 GMT" name="tearDownClass" finished-at="2023-03-11T03:14:15 GMT" duration-ms="56" status="PASS">
          <reporter-output>
          </reporter-output>
        </test-method> <!-- tearDownClass -->
      </class> <!-- TestRunner.TestRunner1 -->
      <class name="TestRunner.TestRunner">
        <test-method is-config="true" signature="setUpClass(org.testng.ITestContext)[pri:0, instance:TestRunner.TestRunner@5db6b9cd]" started-at="2023-03-11T03:12:16 GMT" name="setUpClass" finished-at="2023-03-11T03:12:17 GMT" duration-ms="948" status="PASS">
          <params>
            <param index="0">
              <value>
                <![CDATA[org.testng.TestRunner@79ca7bea]]>
              </value>
            </param>
          </params>
          <reporter-output>
          </reporter-output>
        </test-method> <!-- setUpClass -->
        <test-method signature="runScenario(io.cucumber.testng.PickleWrapper,io.cucumber.testng.FeatureWrapper)[pri:0, instance:TestRunner.TestRunner@5db6b9cd]" started-at="2023-03-11T03:12:17 GMT" name="runScenario" description="Runs Cucumber Scenarios" data-provider="scenarios" finished-at="2023-03-11T03:12:40 GMT" duration-ms="23283" status="FAIL">
          <params>
            <param index="0">
              <value>
                <![CDATA["User wants to check whether application is working or not"]]>
              </value>
            </param>
            <param index="1">
              <value>
                <![CDATA["Checking the Title of application"]]>
              </value>
            </param>
          </params>
          <exception class="java.lang.AssertionError">
            <message>
              <![CDATA[expected [https://smartbazaar.co.uk/] but found [https://www.smartbazaar.co.uk/]]]>
            </message>
            <full-stacktrace>
              <![CDATA[java.lang.AssertionError: expected [https://smartbazaar.co.uk/] but found [https://www.smartbazaar.co.uk/]
at org.testng.Assert.fail(Assert.java:110)
at org.testng.Assert.failNotEquals(Assert.java:1577)
at org.testng.Assert.assertEqualsImpl(Assert.java:149)
at org.testng.Assert.assertEquals(Assert.java:131)
at org.testng.Assert.assertEquals(Assert.java:655)
at org.testng.Assert.assertEquals(Assert.java:665)
at StepDefinition.TestCase.user_verifies_the_title_of_the_application(TestCase.java:25)
at âœ½.User verifies the title of the application(file:///C:/Users/charu/IdeaProjects/org.smartbazaar.com/src/test/resources/Feature/TestCase.feature:6)
]]>
            </full-stacktrace>
          </exception> <!-- java.lang.AssertionError -->
          <reporter-output>
          </reporter-output>
        </test-method> <!-- runScenario -->
        <test-method is-config="true" signature="tearDownClass()[pri:0, instance:TestRunner.TestRunner@5db6b9cd]" started-at="2023-03-11T03:12:40 GMT" name="tearDownClass" finished-at="2023-03-11T03:12:41 GMT" duration-ms="338" status="PASS">
          <reporter-output>
          </reporter-output>
        </test-method> <!-- tearDownClass -->
      </class> <!-- TestRunner.TestRunner -->
    </test> <!-- C:/Users/charu/IdeaProjects/org.smartbazaar.com -->
  </suite> <!-- All Test Suite -->
</testng-results>
